TN:
SF:db-config.js
FNF:0
FNH:0
DA:1,1
DA:2,1
DA:3,1
DA:4,1
DA:5,1
LF:5
LH:5
BRDA:4,0,0,0
BRF:1
BRH:0
end_of_record
TN:
SF:knexfile.js
FNF:0
FNH:0
DA:1,1
DA:2,1
DA:3,1
DA:4,1
DA:5,1
DA:6,1
DA:7,1
DA:8,1
DA:9,1
DA:10,1
DA:11,1
DA:12,1
DA:13,1
DA:14,1
DA:15,1
DA:16,1
DA:17,1
DA:18,1
DA:19,1
DA:20,1
DA:21,1
DA:22,1
DA:23,1
DA:24,1
DA:25,1
DA:26,1
DA:27,1
DA:28,1
DA:29,1
LF:29
LH:29
BRF:0
BRH:0
end_of_record
TN:
SF:server.js
FNF:0
FNH:0
DA:1,1
DA:2,1
DA:3,1
DA:4,1
DA:5,1
DA:6,1
DA:7,1
DA:8,1
LF:8
LH:8
BRF:0
BRH:0
end_of_record
TN:
SF:api/songs-model.js
FN:4,getAll
FN:9,getById
FN:14,add
FN:21,update
FN:29,remove
FNF:5
FNH:5
FNDA:1,getAll
FNDA:3,getById
FNDA:1,add
FNDA:1,update
FNDA:1,remove
DA:1,1
DA:2,1
DA:3,1
DA:4,1
DA:5,1
DA:6,1
DA:7,1
DA:8,1
DA:9,3
DA:10,3
DA:11,3
DA:12,1
DA:13,1
DA:14,1
DA:15,1
DA:16,1
DA:17,1
DA:18,1
DA:19,1
DA:20,1
DA:21,1
DA:22,1
DA:23,1
DA:24,1
DA:25,1
DA:26,1
DA:27,1
DA:28,1
DA:29,1
DA:30,1
DA:31,1
DA:32,1
DA:33,1
DA:34,1
DA:35,1
DA:36,1
DA:37,1
DA:38,1
DA:39,1
DA:40,1
DA:41,1
LF:41
LH:41
BRDA:4,0,0,1
BRDA:9,1,0,3
BRDA:14,2,0,1
BRDA:17,3,0,1
BRDA:21,4,0,1
BRDA:25,5,0,1
BRDA:25,6,0,0
BRDA:29,7,0,1
BRF:8
BRH:7
end_of_record
TN:
SF:api/songs-router.js
FNF:0
FNH:0
DA:1,1
DA:2,1
DA:3,1
DA:4,1
DA:5,1
DA:6,1
DA:7,1
DA:8,1
DA:9,1
DA:10,1
DA:11,1
DA:12,0
DA:13,0
DA:14,0
DA:15,1
DA:16,1
DA:17,1
DA:18,1
DA:19,1
DA:20,1
DA:21,1
DA:22,1
DA:23,1
DA:24,1
DA:25,0
DA:26,0
DA:27,1
DA:28,0
DA:29,0
DA:30,0
DA:31,1
DA:32,1
DA:33,1
DA:34,1
DA:35,1
DA:36,1
DA:37,1
DA:38,1
DA:39,1
DA:40,0
DA:41,0
DA:42,0
DA:43,1
DA:44,1
DA:45,1
DA:46,1
DA:47,1
DA:48,1
DA:49,1
DA:50,1
DA:51,1
DA:52,1
DA:53,1
DA:54,0
DA:55,0
DA:56,1
DA:57,0
DA:58,0
DA:59,0
DA:60,1
DA:61,1
DA:62,1
DA:63,1
DA:64,1
DA:65,1
DA:66,1
DA:67,1
DA:68,1
DA:69,1
DA:70,0
DA:71,0
DA:72,1
DA:73,0
DA:74,0
DA:75,0
DA:76,1
DA:77,1
DA:78,1
LF:78
LH:57
BRDA:7,0,0,1
BRDA:11,1,0,0
BRDA:18,2,0,1
BRDA:24,3,0,0
BRDA:27,4,0,0
BRDA:34,5,0,1
BRDA:39,6,0,0
BRDA:46,7,0,1
BRDA:53,8,0,0
BRDA:56,9,0,0
BRDA:63,10,0,1
BRDA:69,11,0,0
BRDA:72,12,0,0
BRF:13
BRH:5
end_of_record
TN:
SF:data/migrations/20241024202542_create_songs_table.js
FN:1,Object.<anonymous>.exports.up
FN:11,Object.<anonymous>.exports.down
FNF:2
FNH:2
FNDA:1,Object.<anonymous>.exports.up
FNDA:1,Object.<anonymous>.exports.down
DA:1,1
DA:2,1
DA:3,1
DA:4,1
DA:5,1
DA:6,1
DA:7,1
DA:8,1
DA:9,1
DA:10,1
DA:11,1
DA:12,1
DA:13,1
LF:13
LH:13
BRDA:1,0,0,1
BRDA:2,1,0,1
BRDA:11,2,0,1
BRF:3
BRH:3
end_of_record
TN:
SF:data/seeds/seed_songs.js
FN:1,Object.<anonymous>.exports.seed
FNF:1
FNH:1
FNDA:1,Object.<anonymous>.exports.seed
DA:1,1
DA:2,1
DA:3,1
DA:4,1
DA:5,1
DA:6,1
DA:7,1
DA:8,1
DA:9,1
DA:10,1
DA:11,1
LF:11
LH:11
BRDA:1,0,0,1
BRDA:4,1,0,1
BRF:2
BRH:2
end_of_record
